{
  "RSpec": {
    "coverage": {
      "/Users/tiffany/Documents/classified/rent-bills/spec/controllers/contracts_controller_spec.rb": [
        null,
        null,
        1,
        null,
        1,
        null
      ],
      "/Users/tiffany/Documents/classified/rent-bills/spec/rails_helper.rb": [
        null,
        null,
        null,
        1,
        1,
        1,
        null,
        1,
        1,
        null,
        null,
        null,
        null,
        null,
        null,
        null,
        null,
        null,
        null,
        null,
        null,
        null,
        null,
        null,
        null,
        null,
        null,
        null,
        1,
        1,
        null,
        0,
        0,
        null,
        1,
        null,
        null,
        1,
        null,
        null,
        null,
        null,
        1,
        null,
        null,
        null,
        null,
        null,
        null,
        null,
        null,
        null,
        null,
        null,
        null,
        null,
        null,
        1,
        null,
        null,
        1,
        null,
        null,
        null,
        null,
        1,
        1,
        null,
        null,
        1,
        1,
        1,
        1,
        null,
        null
      ],
      "/Users/tiffany/Documents/classified/rent-bills/config/environment.rb": [
        null,
        null,
        null,
        1,
        null,
        null,
        1
      ],
      "/Users/tiffany/Documents/classified/rent-bills/config/application.rb": [
        null,
        null,
        1,
        null,
        1,
        null,
        null,
        null,
        1,
        null,
        1,
        1,
        null,
        1,
        null,
        null,
        null,
        null,
        null,
        null,
        null
      ],
      "/Users/tiffany/Documents/classified/rent-bills/config/boot.rb": [
        null,
        null,
        1,
        null,
        1,
        1
      ],
      "/Users/tiffany/Documents/classified/rent-bills/config/environments/test.rb": [
        null,
        null,
        1,
        null,
        null,
        null,
        null,
        null,
        null,
        1,
        null,
        null,
        null,
        null,
        1,
        null,
        null,
        1,
        1,
        null,
        null,
        null,
        null,
        1,
        1,
        null,
        null,
        1,
        null,
        null,
        1,
        null,
        null,
        1,
        null,
        1,
        null,
        null,
        null,
        null,
        1,
        null,
        null,
        1,
        null,
        null,
        null,
        null
      ],
      "/Users/tiffany/Documents/classified/rent-bills/config/initializers/application_controller_renderer.rb": [
        null,
        null,
        null,
        null,
        null,
        null,
        null,
        null,
        null,
        null
      ],
      "/Users/tiffany/Documents/classified/rent-bills/config/initializers/assets.rb": [
        null,
        null,
        null,
        null,
        null,
        1,
        null,
        null,
        null,
        null,
        1,
        null,
        null,
        null,
        null,
        null
      ],
      "/Users/tiffany/Documents/classified/rent-bills/config/initializers/backtrace_silencers.rb": [
        null,
        null,
        null,
        null,
        null,
        null,
        null,
        null,
        null
      ],
      "/Users/tiffany/Documents/classified/rent-bills/config/initializers/content_security_policy.rb": [
        null,
        null,
        null,
        null,
        null,
        null,
        null,
        null,
        null,
        null,
        null,
        null,
        null,
        null,
        null,
        null,
        null,
        null,
        null,
        null,
        null,
        null,
        null,
        null,
        null,
        null,
        null
      ],
      "/Users/tiffany/Documents/classified/rent-bills/config/initializers/cookies_serializer.rb": [
        null,
        null,
        null,
        null,
        null,
        null,
        1
      ],
      "/Users/tiffany/Documents/classified/rent-bills/config/initializers/filter_parameter_logging.rb": [
        null,
        null,
        null,
        null,
        null,
        1
      ],
      "/Users/tiffany/Documents/classified/rent-bills/config/initializers/inflections.rb": [
        null,
        null,
        null,
        null,
        null,
        null,
        null,
        null,
        null,
        null,
        null,
        null,
        null,
        null,
        null,
        null,
        null,
        null
      ],
      "/Users/tiffany/Documents/classified/rent-bills/config/initializers/material_icons.rb": [
        null,
        null,
        null,
        1,
        1,
        null
      ],
      "/Users/tiffany/Documents/classified/rent-bills/config/initializers/mime_types.rb": [
        null,
        null,
        null,
        null,
        null,
        null
      ],
      "/Users/tiffany/Documents/classified/rent-bills/config/initializers/wrap_parameters.rb": [
        null,
        null,
        null,
        null,
        null,
        null,
        null,
        null,
        1,
        2,
        null,
        null,
        null,
        null,
        null,
        null
      ],
      "/Users/tiffany/Documents/classified/rent-bills/spec/factories/duties.rb": [
        null,
        null,
        null,
        null,
        null,
        null,
        null,
        null,
        null,
        null,
        null,
        null,
        null,
        null,
        null,
        1,
        null
      ],
      "/Users/tiffany/Documents/classified/rent-bills/spec/factories/users.rb": [
        null,
        null,
        null,
        null,
        null,
        null,
        null,
        null,
        null,
        null,
        null,
        null,
        null,
        null,
        null,
        1,
        1,
        1,
        1,
        null,
        null
      ],
      "/Users/tiffany/Documents/classified/rent-bills/config/routes.rb": [
        null,
        null,
        1,
        1,
        1,
        null,
        1,
        1,
        1,
        null,
        null,
        null,
        1,
        null,
        null,
        null,
        1,
        null,
        null,
        null,
        1,
        1,
        1,
        1,
        1,
        1,
        1,
        1,
        null,
        null,
        1,
        1,
        1,
        null,
        null
      ],
      "/Users/tiffany/Documents/classified/rent-bills/app/helpers/application_helper.rb": [
        null,
        null,
        1,
        1,
        0,
        0,
        0,
        null,
        null,
        null,
        1,
        0,
        null,
        null,
        1,
        0,
        null,
        null,
        1,
        0,
        null,
        null,
        1,
        0,
        null,
        null,
        1,
        0,
        null,
        null,
        null,
        null,
        null,
        0,
        null,
        null,
        1,
        0,
        null,
        null,
        1,
        0,
        0,
        0,
        null,
        0,
        0,
        null,
        null,
        1,
        0,
        null,
        null,
        1,
        0,
        0,
        null,
        null,
        null,
        1,
        0,
        0,
        0,
        null,
        0,
        null,
        null,
        null,
        1,
        0,
        0,
        null,
        null,
        1,
        null,
        0,
        null,
        null,
        null
      ],
      "/Users/tiffany/Documents/classified/rent-bills/app/helpers/contracts_helper.rb": [
        null,
        null,
        1,
        null
      ],
      "/Users/tiffany/Documents/classified/rent-bills/app/helpers/dues_helper.rb": [
        null,
        null,
        1,
        null
      ],
      "/Users/tiffany/Documents/classified/rent-bills/app/helpers/duties_helper.rb": [
        null,
        null,
        1,
        null
      ],
      "/Users/tiffany/Documents/classified/rent-bills/app/helpers/locations_helper.rb": [
        null,
        null,
        1,
        null
      ],
      "/Users/tiffany/Documents/classified/rent-bills/app/helpers/pages_helper.rb": [
        null,
        null,
        1,
        null
      ],
      "/Users/tiffany/Documents/classified/rent-bills/app/helpers/payments_helper.rb": [
        null,
        null,
        1,
        null
      ],
      "/Users/tiffany/Documents/classified/rent-bills/app/helpers/sessions_helper.rb": [
        null,
        null,
        1,
        1,
        0,
        null,
        null
      ],
      "/Users/tiffany/Documents/classified/rent-bills/app/helpers/tenants_helper.rb": [
        null,
        null,
        1,
        null
      ],
      "/Users/tiffany/Documents/classified/rent-bills/app/helpers/units_helper.rb": [
        null,
        null,
        1,
        null
      ],
      "/Users/tiffany/Documents/classified/rent-bills/app/helpers/users_helper.rb": [
        null,
        null,
        1,
        null
      ],
      "/Users/tiffany/Documents/classified/rent-bills/app/controllers/contracts_controller.rb": [
        null,
        null,
        1,
        1,
        0,
        0,
        0,
        0,
        0,
        null,
        0,
        0,
        null,
        null,
        null,
        1,
        0,
        0,
        0,
        0,
        0,
        null,
        0,
        null,
        null,
        null,
        1,
        0,
        null,
        null,
        1,
        0,
        null,
        null,
        1,
        0,
        0,
        0,
        null,
        null,
        0,
        0,
        null,
        null,
        null,
        1,
        0,
        0,
        0,
        null,
        null,
        null,
        1,
        null,
        1,
        null,
        0,
        null,
        null,
        null,
        null,
        null,
        1,
        0,
        null,
        null,
        null,
        null
      ],
      "/Users/tiffany/Documents/classified/rent-bills/app/controllers/application_controller.rb": [
        null,
        null,
        1,
        1,
        1,
        null,
        1,
        null,
        1,
        0,
        0,
        0,
        null,
        0,
        null,
        null,
        null,
        1,
        0,
        0,
        null,
        null
      ],
      "/Users/tiffany/Documents/classified/rent-bills/spec/controllers/dues_controller_spec.rb": [
        null,
        null,
        1,
        null,
        1,
        null
      ],
      "/Users/tiffany/Documents/classified/rent-bills/app/controllers/dues_controller.rb": [
        null,
        null,
        1,
        null,
        1,
        0,
        0,
        null,
        null,
        1,
        0,
        0,
        0,
        0,
        0,
        0,
        0,
        null,
        0,
        0,
        null,
        0,
        null,
        0,
        null,
        null,
        null,
        1,
        0,
        0,
        null,
        null,
        1,
        null,
        1,
        0,
        0,
        null,
        0,
        0,
        0,
        0,
        null,
        null,
        null,
        1,
        0,
        null,
        null
      ],
      "/Users/tiffany/Documents/classified/rent-bills/spec/controllers/duties_controller_spec.rb": [
        null,
        null,
        1,
        null,
        1,
        null
      ],
      "/Users/tiffany/Documents/classified/rent-bills/app/controllers/duties_controller.rb": [
        null,
        null,
        1,
        1,
        0,
        0,
        null,
        null,
        1,
        0,
        0,
        0,
        0,
        0,
        null,
        0,
        null,
        null,
        null,
        1,
        0,
        null,
        null,
        1,
        0,
        0,
        null,
        null,
        1,
        0,
        0,
        0,
        null,
        null,
        0,
        null,
        null,
        null,
        1,
        0,
        0,
        0,
        0,
        null,
        null,
        0,
        null,
        null,
        null,
        null,
        1,
        null,
        1,
        0,
        null,
        null,
        1,
        null,
        1,
        null,
        0,
        null,
        null,
        null,
        null,
        null,
        1,
        0,
        null,
        null,
        1,
        0,
        null,
        null,
        null,
        null
      ],
      "/Users/tiffany/Documents/classified/rent-bills/spec/controllers/locations_controller_spec.rb": [
        null,
        null,
        1,
        null,
        1,
        null
      ],
      "/Users/tiffany/Documents/classified/rent-bills/app/controllers/locations_controller.rb": [
        null,
        null,
        1,
        1,
        0,
        null,
        null,
        1,
        0,
        0,
        0,
        0,
        null,
        0,
        null,
        null,
        null,
        1,
        0,
        0,
        null,
        0,
        null,
        null,
        null,
        1,
        0,
        0,
        0,
        0,
        0,
        null,
        null,
        1,
        0,
        0,
        null,
        null,
        1,
        0,
        0,
        null,
        null,
        null,
        1,
        null,
        1,
        null,
        0,
        null,
        null,
        null,
        null,
        1,
        0,
        null,
        null,
        null,
        null,
        0,
        null,
        null
      ],
      "/Users/tiffany/Documents/classified/rent-bills/spec/controllers/payments_controller_spec.rb": [
        null,
        null,
        1,
        null,
        1,
        null
      ],
      "/Users/tiffany/Documents/classified/rent-bills/app/controllers/payments_controller.rb": [
        null,
        null,
        1,
        1,
        null,
        1,
        null,
        1,
        0,
        0,
        0,
        0,
        0,
        null,
        null,
        0,
        null,
        null,
        null,
        1,
        0,
        0,
        0,
        null,
        null,
        null,
        null,
        1,
        null,
        1,
        0,
        0,
        0,
        null,
        0,
        null,
        0,
        0,
        0,
        null,
        null,
        null,
        1,
        null,
        1,
        0,
        null,
        null,
        1,
        null,
        0,
        null,
        null
      ],
      "/Users/tiffany/Documents/classified/rent-bills/spec/controllers/sessions_controller_spec.rb": [
        null,
        null,
        1,
        null,
        1,
        1,
        1,
        1,
        1,
        null,
        null,
        null
      ],
      "/Users/tiffany/Documents/classified/rent-bills/app/controllers/sessions_controller.rb": [
        null,
        null,
        1,
        null,
        1,
        1,
        null,
        1,
        0,
        0,
        0,
        0,
        0,
        0,
        null,
        0,
        null,
        null,
        null,
        1,
        0,
        0,
        null,
        null,
        1,
        0,
        0,
        null,
        null,
        1,
        null,
        1,
        null,
        0,
        null,
        null
      ],
      "/Users/tiffany/Documents/classified/rent-bills/spec/controllers/tenants_controller_spec.rb": [
        null,
        null,
        1,
        null,
        1,
        null
      ],
      "/Users/tiffany/Documents/classified/rent-bills/app/controllers/tenants_controller.rb": [
        null,
        null,
        1,
        1,
        0,
        0,
        null,
        null,
        1,
        0,
        0,
        0,
        0,
        null,
        0,
        0,
        null,
        null,
        null,
        1,
        0,
        0,
        0,
        null,
        null,
        1,
        0,
        0,
        null,
        null,
        1,
        0,
        0,
        0,
        0,
        null,
        null,
        1,
        null,
        1,
        null,
        0,
        null,
        null
      ],
      "/Users/tiffany/Documents/classified/rent-bills/spec/controllers/units_controller_spec.rb": [
        null,
        null,
        1,
        null,
        1,
        null
      ],
      "/Users/tiffany/Documents/classified/rent-bills/app/controllers/units_controller.rb": [
        null,
        null,
        1,
        1,
        null,
        1,
        0,
        0,
        0,
        0,
        0,
        null,
        0,
        0,
        0,
        0,
        0,
        null,
        null,
        1,
        0,
        0,
        null,
        null,
        1,
        0,
        0,
        0,
        null,
        null,
        null,
        1,
        0,
        0,
        0,
        0,
        null,
        0,
        0,
        null,
        null,
        null,
        1,
        0,
        0,
        null,
        null,
        1,
        null,
        1,
        null,
        0,
        null,
        null
      ],
      "/Users/tiffany/Documents/classified/rent-bills/spec/controllers/users_controller_spec.rb": [
        null,
        null,
        1,
        null,
        1,
        null
      ],
      "/Users/tiffany/Documents/classified/rent-bills/app/controllers/users_controller.rb": [
        null,
        null,
        1,
        1,
        null,
        1,
        0,
        null,
        null,
        1,
        0,
        0,
        0,
        0,
        null,
        0,
        0,
        null,
        null,
        null,
        1,
        0,
        null,
        null,
        1,
        0,
        0,
        null,
        null,
        1,
        null,
        1,
        null,
        0,
        null,
        null,
        null,
        null,
        null,
        null
      ],
      "/Users/tiffany/Documents/classified/rent-bills/spec/helpers/contracts_helper_spec.rb": [
        null,
        null,
        1,
        null,
        null,
        null,
        null,
        null,
        null,
        null,
        null,
        null,
        null,
        null,
        1,
        null
      ],
      "/Users/tiffany/Documents/classified/rent-bills/spec/helpers/dues_helper_spec.rb": [
        null,
        null,
        1,
        null,
        null,
        null,
        null,
        null,
        null,
        null,
        null,
        null,
        null,
        null,
        1,
        null
      ],
      "/Users/tiffany/Documents/classified/rent-bills/spec/helpers/duties_helper_spec.rb": [
        null,
        null,
        1,
        null,
        null,
        null,
        null,
        null,
        null,
        null,
        null,
        null,
        null,
        null,
        1,
        null
      ],
      "/Users/tiffany/Documents/classified/rent-bills/spec/helpers/locations_helper_spec.rb": [
        null,
        null,
        1,
        null,
        null,
        null,
        null,
        null,
        null,
        null,
        null,
        null,
        null,
        null,
        1,
        null
      ],
      "/Users/tiffany/Documents/classified/rent-bills/spec/helpers/payments_helper_spec.rb": [
        null,
        null,
        1,
        null,
        null,
        null,
        null,
        null,
        null,
        null,
        null,
        null,
        null,
        null,
        1,
        null
      ],
      "/Users/tiffany/Documents/classified/rent-bills/spec/helpers/sessions_helper_spec.rb": [
        null,
        null,
        1,
        null,
        null,
        null,
        null,
        null,
        null,
        null,
        null,
        null,
        null,
        null,
        1,
        null
      ],
      "/Users/tiffany/Documents/classified/rent-bills/spec/helpers/tenants_helper_spec.rb": [
        null,
        null,
        1,
        null,
        null,
        null,
        null,
        null,
        null,
        null,
        null,
        null,
        null,
        null,
        1,
        null
      ],
      "/Users/tiffany/Documents/classified/rent-bills/spec/helpers/units_helper_spec.rb": [
        null,
        null,
        1,
        null,
        null,
        null,
        null,
        null,
        null,
        null,
        null,
        null,
        null,
        null,
        1,
        null
      ],
      "/Users/tiffany/Documents/classified/rent-bills/spec/helpers/users_helper_spec.rb": [
        null,
        null,
        1,
        null,
        null,
        null,
        null,
        null,
        null,
        null,
        null,
        null,
        null,
        null,
        1,
        null
      ],
      "/Users/tiffany/Documents/classified/rent-bills/spec/models/contract_spec.rb": [
        null,
        null,
        null,
        null,
        null,
        null,
        null,
        null,
        null,
        null,
        null,
        null,
        null,
        null,
        null,
        null,
        null,
        null,
        null,
        1,
        null,
        1,
        2,
        2,
        2,
        2,
        2,
        2,
        null
      ],
      "/Users/tiffany/Documents/classified/rent-bills/app/models/contract.rb": [
        null,
        null,
        null,
        null,
        null,
        null,
        null,
        null,
        null,
        null,
        null,
        null,
        null,
        null,
        null,
        null,
        null,
        null,
        null,
        1,
        1,
        1,
        1,
        null,
        1,
        1,
        1,
        null,
        1,
        null,
        1,
        null,
        1,
        5,
        5,
        null,
        null,
        1,
        0,
        0,
        0,
        0,
        null,
        0,
        null,
        null,
        null,
        1,
        0,
        0,
        0,
        0,
        0,
        null,
        0,
        null,
        null,
        null,
        null
      ],
      "/Users/tiffany/Documents/classified/rent-bills/app/models/application_record.rb": [
        null,
        null,
        1,
        1,
        null
      ],
      "/Users/tiffany/Documents/classified/rent-bills/spec/models/due_spec.rb": [
        null,
        null,
        null,
        null,
        null,
        null,
        null,
        null,
        null,
        null,
        null,
        null,
        null,
        null,
        null,
        null,
        null,
        1,
        null,
        1,
        null
      ],
      "/Users/tiffany/Documents/classified/rent-bills/app/models/due.rb": [
        null,
        null,
        null,
        null,
        null,
        null,
        null,
        null,
        null,
        null,
        null,
        null,
        null,
        null,
        null,
        null,
        null,
        1,
        1,
        null
      ],
      "/Users/tiffany/Documents/classified/rent-bills/spec/models/duty_spec.rb": [
        null,
        null,
        null,
        null,
        null,
        null,
        null,
        null,
        null,
        null,
        null,
        null,
        null,
        null,
        null,
        null,
        1,
        null,
        1,
        2,
        2,
        null,
        null
      ],
      "/Users/tiffany/Documents/classified/rent-bills/app/models/duty.rb": [
        null,
        null,
        null,
        null,
        null,
        null,
        null,
        null,
        null,
        null,
        null,
        null,
        null,
        null,
        null,
        null,
        1,
        1,
        1,
        1,
        null,
        1,
        1,
        null,
        1,
        0,
        2,
        null,
        null,
        1,
        2,
        0,
        null,
        null,
        null
      ],
      "/Users/tiffany/Documents/classified/rent-bills/spec/models/location_spec.rb": [
        null,
        null,
        null,
        null,
        null,
        null,
        null,
        null,
        null,
        null,
        null,
        null,
        null,
        null,
        1,
        null,
        1,
        null
      ],
      "/Users/tiffany/Documents/classified/rent-bills/app/models/location.rb": [
        null,
        null,
        null,
        null,
        null,
        null,
        null,
        null,
        null,
        null,
        null,
        null,
        null,
        null,
        1,
        1,
        null,
        1,
        1,
        1,
        1,
        1,
        null,
        1,
        1,
        1,
        null,
        1,
        null
      ],
      "/Users/tiffany/Documents/classified/rent-bills/spec/models/payment_spec.rb": [
        null,
        null,
        null,
        null,
        null,
        null,
        null,
        null,
        null,
        null,
        null,
        null,
        null,
        null,
        null,
        null,
        null,
        1,
        null,
        1,
        null
      ],
      "/Users/tiffany/Documents/classified/rent-bills/app/models/payment.rb": [
        null,
        null,
        null,
        null,
        null,
        null,
        null,
        null,
        null,
        null,
        null,
        null,
        null,
        null,
        null,
        null,
        null,
        1,
        1,
        1,
        null,
        1,
        1,
        null,
        1,
        null
      ],
      "/Users/tiffany/Documents/classified/rent-bills/spec/models/tenant_spec.rb": [
        null,
        null,
        null,
        null,
        null,
        null,
        null,
        null,
        null,
        null,
        null,
        null,
        null,
        null,
        1,
        null,
        1,
        null
      ],
      "/Users/tiffany/Documents/classified/rent-bills/app/models/tenant.rb": [
        null,
        null,
        null,
        null,
        null,
        null,
        null,
        null,
        null,
        null,
        null,
        null,
        null,
        null,
        1,
        1,
        1,
        1,
        1,
        1,
        1,
        null,
        1,
        0,
        0,
        null,
        0,
        null,
        null,
        null
      ],
      "/Users/tiffany/Documents/classified/rent-bills/spec/models/unit_spec.rb": [
        null,
        null,
        null,
        null,
        null,
        null,
        null,
        null,
        null,
        null,
        null,
        null,
        null,
        null,
        1,
        null,
        1,
        null
      ],
      "/Users/tiffany/Documents/classified/rent-bills/app/models/unit.rb": [
        null,
        null,
        null,
        null,
        null,
        null,
        null,
        null,
        null,
        null,
        null,
        null,
        null,
        null,
        1,
        1,
        1,
        1,
        1,
        1,
        null
      ],
      "/Users/tiffany/Documents/classified/rent-bills/spec/models/user_spec.rb": [
        null,
        null,
        null,
        null,
        null,
        null,
        null,
        null,
        null,
        null,
        null,
        null,
        null,
        null,
        null,
        1,
        null,
        1,
        2,
        2,
        2,
        2,
        2,
        2,
        2,
        null
      ],
      "/Users/tiffany/Documents/classified/rent-bills/app/models/user.rb": [
        null,
        null,
        null,
        null,
        null,
        null,
        null,
        null,
        null,
        null,
        null,
        null,
        null,
        null,
        null,
        1,
        1,
        1,
        null,
        1,
        1,
        null,
        1,
        1,
        1,
        null,
        1,
        null
      ],
      "/Users/tiffany/Documents/classified/rent-bills/spec/views/sessions/new.html.erb_spec.rb": [
        null,
        null,
        1,
        null,
        1,
        1,
        null
      ],
      "/Users/tiffany/Documents/classified/rent-bills/spec/views/user/email:string.html.erb_spec.rb": [
        null,
        null,
        1,
        null,
        1,
        1,
        null
      ],
      "/Users/tiffany/Documents/classified/rent-bills/spec/views/user/name:string.html.erb_spec.rb": [
        null,
        null,
        1,
        null,
        1,
        1,
        null
      ]
    },
    "timestamp": 1556774309
  }
}
